"QUERY PLAN"
"Hash Join  (cost=415.95..1581.22 rows=279 width=44) (actual time=16.543..53.863 rows=486 loops=1)"
"  Hash Cond: (soh.customerid = c.customerid)"
"  ->  Seq Scan on salesorderheader soh  (cost=0.00..1082.65 rows=31465 width=32) (actual time=0.458..26.973 rows=31465 loops=1)"
"  ->  Hash  (cost=413.75..413.75 rows=176 width=16) (actual time=16.048..16.050 rows=176 loops=1)"
"        Buckets: 1024  Batches: 1  Memory Usage: 16kB"
"        ->  Seq Scan on customer c  (cost=0.00..413.75 rows=176 width=16) (actual time=0.043..15.933 rows=176 loops=1)"
"              Filter: (territoryid = 5)"
"              Rows Removed by Filter: 19644"
"Planning Time: 9.013 ms"
"Execution Time: 54.176 ms"
