"QUERY PLAN"
"Hash Join  (cost=183.14..1348.41 rows=279 width=44) (actual time=0.322..21.562 rows=486 loops=1)"
"  Hash Cond: (soh.customerid = c.customerid)"
"  ->  Seq Scan on salesorderheader soh  (cost=0.00..1082.65 rows=31465 width=32) (actual time=0.021..6.091 rows=31465 loops=1)"
"  ->  Hash  (cost=180.94..180.94 rows=176 width=16) (actual time=0.284..0.289 rows=176 loops=1)"
"        Buckets: 1024  Batches: 1  Memory Usage: 16kB"
"        ->  Bitmap Heap Scan on customer c  (cost=5.65..180.94 rows=176 width=16) (actual time=0.050..0.204 rows=176 loops=1)"
"              Recheck Cond: (territoryid = 5)"
"              Heap Blocks: exact=24"
"              ->  Bitmap Index Scan on idx_territoryid  (cost=0.00..5.61 rows=176 width=0) (actual time=0.030..0.030 rows=176 loops=1)"
"                    Index Cond: (territoryid = 5)"
"Planning Time: 0.545 ms"
"Execution Time: 21.722 ms"
